<?xml version="1.0" encoding="UTF-8"?>
<!-- Generated by org.testng.reporters.JUnitReportReporter -->
<testsuite hostname="BB2f82cf78" failures="0" tests="1" name="com.esite.testcases.TestCase_Search1" time="17.327" errors="0" timestamp="2022-01-23T13:42:38 IST" skipped="0">
  <testcase classname="com.esite.testcases.TestCase_Search1" name="SearchProduct" time="17.327"/>
  <system-out/>
</testsuite> <!-- com.esite.testcases.TestCase_Search1 -->
