<?xml version="1.0" encoding="UTF-8"?>
<!-- Generated by org.testng.reporters.JUnitReportReporter -->
<testsuite hostname="BB2f82cf78" failures="0" tests="1" name="com.esite.testcases.TestCase_Login1" time="11.891" errors="0" timestamp="2022-01-23T10:51:45 IST" skipped="0">
  <testcase classname="com.esite.testcases.TestCase_Login1" name="logintest" time="11.891"/>
  <system-out/>
</testsuite> <!-- com.esite.testcases.TestCase_Login1 -->
